2019-04-24 19:23:00.582  INFO 15304 --- [main] c.z.p.m.service.MerchantsServTest        : Starting MerchantsServTest on DESKTOP-G6JLBLL with PID 15304 (started by zhangyu in C:\Users\zhangyu\Desktop\merchants)
2019-04-24 19:23:00.583  INFO 15304 --- [main] c.z.p.m.service.MerchantsServTest        : No active profile set, falling back to default profiles: default
2019-04-24 19:23:00.610  INFO 15304 --- [main] s.c.a.AnnotationConfigApplicationContext : Refreshing org.springframework.context.annotation.AnnotationConfigApplicationContext@180542f: startup date [Wed Apr 24 19:23:00 CST 2019]; root of context hierarchy
2019-04-24 19:23:01.621  INFO 15304 --- [main] trationDelegate$BeanPostProcessorChecker : Bean 'org.springframework.kafka.annotation.KafkaBootstrapConfiguration' of type [org.springframework.kafka.annotation.KafkaBootstrapConfiguration$$EnhancerBySpringCGLIB$$bb696bc6] is not eligible for getting processed by all BeanPostProcessors (for example: not eligible for auto-proxying)
2019-04-24 19:23:02.104  INFO 15304 --- [main] j.LocalContainerEntityManagerFactoryBean : Building JPA container EntityManagerFactory for persistence unit 'default'
2019-04-24 19:23:02.120  INFO 15304 --- [main] o.hibernate.jpa.internal.util.LogHelper  : HHH000204: Processing PersistenceUnitInfo [
	name: default
	...]
2019-04-24 19:23:02.195  INFO 15304 --- [main] org.hibernate.Version                    : HHH000412: Hibernate Core {5.0.12.Final}
2019-04-24 19:23:02.196  INFO 15304 --- [main] org.hibernate.cfg.Environment            : HHH000206: hibernate.properties not found
2019-04-24 19:23:02.198  INFO 15304 --- [main] org.hibernate.cfg.Environment            : HHH000021: Bytecode provider name : javassist
2019-04-24 19:23:02.239  INFO 15304 --- [main] o.hibernate.annotations.common.Version   : HCANN000001: Hibernate Commons Annotations {5.0.1.Final}
2019-04-24 19:23:02.376  INFO 15304 --- [main] org.hibernate.dialect.Dialect            : HHH000400: Using dialect: org.hibernate.dialect.MySQL5Dialect
2019-04-24 19:23:03.224  INFO 15304 --- [main] j.LocalContainerEntityManagerFactoryBean : Initialized JPA EntityManagerFactory for persistence unit 'default'
2019-04-24 19:23:03.810  INFO 15304 --- [main] o.s.c.support.DefaultLifecycleProcessor  : Starting beans in phase 2147483647
2019-04-24 19:23:03.817  INFO 15304 --- [main] c.z.p.m.service.MerchantsServTest        : Started MerchantsServTest in 3.628 seconds (JVM running for 4.435)
2019-04-24 19:23:03.872  INFO 15304 --- [main] o.h.h.i.QueryTranslatorFactoryInitiator  : HHH000397: Using ASTQueryTranslatorFactory
2019-04-24 19:23:04.090  INFO 15304 --- [Thread-3] s.c.a.AnnotationConfigApplicationContext : Closing org.springframework.context.annotation.AnnotationConfigApplicationContext@180542f: startup date [Wed Apr 24 19:23:00 CST 2019]; root of context hierarchy
2019-04-24 19:23:04.092  INFO 15304 --- [Thread-3] o.s.c.support.DefaultLifecycleProcessor  : Stopping beans in phase 2147483647
2019-04-24 19:23:04.093  INFO 15304 --- [Thread-3] o.s.c.support.DefaultLifecycleProcessor  : Stopping beans in phase 0
2019-04-24 19:23:04.093  INFO 15304 --- [Thread-3] j.LocalContainerEntityManagerFactoryBean : Closing JPA EntityManagerFactory for persistence unit 'default'
2019-04-24 19:26:55.609  INFO 6596 --- [main] c.z.p.m.service.MerchantsServTest        : Starting MerchantsServTest on DESKTOP-G6JLBLL with PID 6596 (started by zhangyu in C:\Users\zhangyu\Desktop\merchants)
2019-04-24 19:26:55.611  INFO 6596 --- [main] c.z.p.m.service.MerchantsServTest        : No active profile set, falling back to default profiles: default
2019-04-24 19:26:55.635  INFO 6596 --- [main] s.c.a.AnnotationConfigApplicationContext : Refreshing org.springframework.context.annotation.AnnotationConfigApplicationContext@38c7fe: startup date [Wed Apr 24 19:26:55 CST 2019]; root of context hierarchy
2019-04-24 19:26:56.487  INFO 6596 --- [main] trationDelegate$BeanPostProcessorChecker : Bean 'org.springframework.kafka.annotation.KafkaBootstrapConfiguration' of type [org.springframework.kafka.annotation.KafkaBootstrapConfiguration$$EnhancerBySpringCGLIB$$e7c88020] is not eligible for getting processed by all BeanPostProcessors (for example: not eligible for auto-proxying)
2019-04-24 19:26:57.001  INFO 6596 --- [main] j.LocalContainerEntityManagerFactoryBean : Building JPA container EntityManagerFactory for persistence unit 'default'
2019-04-24 19:26:57.044  INFO 6596 --- [main] o.hibernate.jpa.internal.util.LogHelper  : HHH000204: Processing PersistenceUnitInfo [
	name: default
	...]
2019-04-24 19:26:57.107  INFO 6596 --- [main] org.hibernate.Version                    : HHH000412: Hibernate Core {5.0.12.Final}
2019-04-24 19:26:57.108  INFO 6596 --- [main] org.hibernate.cfg.Environment            : HHH000206: hibernate.properties not found
2019-04-24 19:26:57.111  INFO 6596 --- [main] org.hibernate.cfg.Environment            : HHH000021: Bytecode provider name : javassist
2019-04-24 19:26:57.148  INFO 6596 --- [main] o.hibernate.annotations.common.Version   : HCANN000001: Hibernate Commons Annotations {5.0.1.Final}
2019-04-24 19:26:57.252  INFO 6596 --- [main] org.hibernate.dialect.Dialect            : HHH000400: Using dialect: org.hibernate.dialect.MySQL5Dialect
2019-04-24 19:26:57.833  INFO 6596 --- [main] j.LocalContainerEntityManagerFactoryBean : Initialized JPA EntityManagerFactory for persistence unit 'default'
2019-04-24 19:26:58.395  INFO 6596 --- [main] o.s.c.support.DefaultLifecycleProcessor  : Starting beans in phase 2147483647
2019-04-24 19:26:58.403  INFO 6596 --- [main] c.z.p.m.service.MerchantsServTest        : Started MerchantsServTest in 3.144 seconds (JVM running for 3.794)
2019-04-24 19:26:58.420  INFO 6596 --- [main] o.s.t.c.transaction.TransactionContext   : Began transaction (1) for test context [DefaultTestContext@28586 testClass = MerchantsServTest, testInstance = com.zhangyu.passbook.merchants.service.MerchantsServTest@148db48, testMethod = testCreateMerchantServ@MerchantsServTest, testException = [null], mergedContextConfiguration = [MergedContextConfiguration@17776a8 testClass = MerchantsServTest, locations = '{}', classes = '{class com.zhangyu.passbook.merchants.MerchantsApplication}', contextInitializerClasses = '[]', activeProfiles = '{}', propertySourceLocations = '{}', propertySourceProperties = '{org.springframework.boot.test.context.SpringBootTestContextBootstrapper=true}', contextCustomizers = set[org.springframework.boot.test.context.SpringBootTestContextCustomizer@d4004b, org.springframework.boot.test.context.filter.ExcludeFilterContextCustomizer@102b3b1, org.springframework.boot.test.mock.mockito.MockitoContextCustomizer@0, org.springframework.boot.test.autoconfigure.properties.PropertyMappingContextCustomizer@0, org.springframework.boot.test.autoconfigure.web.servlet.WebDriverContextCustomizerFactory$Customizer@32be31], contextLoader = 'org.springframework.boot.test.context.SpringBootContextLoader', parent = [null]]]; transaction manager [org.springframework.orm.jpa.JpaTransactionManager@1b269c4]; rollback [true]
2019-04-24 19:26:58.459  INFO 6596 --- [main] o.h.h.i.QueryTranslatorFactoryInitiator  : HHH000397: Using ASTQueryTranslatorFactory
2019-04-24 19:26:58.678  INFO 6596 --- [main] o.s.t.c.transaction.TransactionContext   : Rolled back transaction for test context [DefaultTestContext@28586 testClass = MerchantsServTest, testInstance = com.zhangyu.passbook.merchants.service.MerchantsServTest@148db48, testMethod = testCreateMerchantServ@MerchantsServTest, testException = [null], mergedContextConfiguration = [MergedContextConfiguration@17776a8 testClass = MerchantsServTest, locations = '{}', classes = '{class com.zhangyu.passbook.merchants.MerchantsApplication}', contextInitializerClasses = '[]', activeProfiles = '{}', propertySourceLocations = '{}', propertySourceProperties = '{org.springframework.boot.test.context.SpringBootTestContextBootstrapper=true}', contextCustomizers = set[org.springframework.boot.test.context.SpringBootTestContextCustomizer@d4004b, org.springframework.boot.test.context.filter.ExcludeFilterContextCustomizer@102b3b1, org.springframework.boot.test.mock.mockito.MockitoContextCustomizer@0, org.springframework.boot.test.autoconfigure.properties.PropertyMappingContextCustomizer@0, org.springframework.boot.test.autoconfigure.web.servlet.WebDriverContextCustomizerFactory$Customizer@32be31], contextLoader = 'org.springframework.boot.test.context.SpringBootContextLoader', parent = [null]]].
2019-04-24 19:26:58.680  INFO 6596 --- [Thread-3] s.c.a.AnnotationConfigApplicationContext : Closing org.springframework.context.annotation.AnnotationConfigApplicationContext@38c7fe: startup date [Wed Apr 24 19:26:55 CST 2019]; root of context hierarchy
2019-04-24 19:26:58.681  INFO 6596 --- [Thread-3] o.s.c.support.DefaultLifecycleProcessor  : Stopping beans in phase 2147483647
2019-04-24 19:26:58.682  INFO 6596 --- [Thread-3] o.s.c.support.DefaultLifecycleProcessor  : Stopping beans in phase 0
2019-04-24 19:26:58.683  INFO 6596 --- [Thread-3] j.LocalContainerEntityManagerFactoryBean : Closing JPA EntityManagerFactory for persistence unit 'default'
2019-04-25 14:09:50.151  INFO 17552 --- [main] c.z.p.m.service.MerchantsServTest        : Starting MerchantsServTest on DESKTOP-G6JLBLL with PID 17552 (started by zhangyu in C:\Users\zhangyu\Desktop\merchants)
2019-04-25 14:09:50.151  INFO 17552 --- [main] c.z.p.m.service.MerchantsServTest        : No active profile set, falling back to default profiles: default
2019-04-25 14:09:50.170  INFO 17552 --- [main] s.c.a.AnnotationConfigApplicationContext : Refreshing org.springframework.context.annotation.AnnotationConfigApplicationContext@bd273d: startup date [Thu Apr 25 14:09:50 CST 2019]; root of context hierarchy
2019-04-25 14:09:51.005  INFO 17552 --- [main] trationDelegate$BeanPostProcessorChecker : Bean 'org.springframework.kafka.annotation.KafkaBootstrapConfiguration' of type [org.springframework.kafka.annotation.KafkaBootstrapConfiguration$$EnhancerBySpringCGLIB$$61b4c0b8] is not eligible for getting processed by all BeanPostProcessors (for example: not eligible for auto-proxying)
2019-04-25 14:09:51.542  INFO 17552 --- [main] j.LocalContainerEntityManagerFactoryBean : Building JPA container EntityManagerFactory for persistence unit 'default'
2019-04-25 14:09:51.558  INFO 17552 --- [main] o.hibernate.jpa.internal.util.LogHelper  : HHH000204: Processing PersistenceUnitInfo [
	name: default
	...]
2019-04-25 14:09:51.646  INFO 17552 --- [main] org.hibernate.Version                    : HHH000412: Hibernate Core {5.0.12.Final}
2019-04-25 14:09:51.648  INFO 17552 --- [main] org.hibernate.cfg.Environment            : HHH000206: hibernate.properties not found
2019-04-25 14:09:51.649  INFO 17552 --- [main] org.hibernate.cfg.Environment            : HHH000021: Bytecode provider name : javassist
2019-04-25 14:09:51.693  INFO 17552 --- [main] o.hibernate.annotations.common.Version   : HCANN000001: Hibernate Commons Annotations {5.0.1.Final}
2019-04-25 14:09:51.805  INFO 17552 --- [main] org.hibernate.dialect.Dialect            : HHH000400: Using dialect: org.hibernate.dialect.MySQL5Dialect
2019-04-25 14:09:52.402  INFO 17552 --- [main] j.LocalContainerEntityManagerFactoryBean : Initialized JPA EntityManagerFactory for persistence unit 'default'
2019-04-25 14:09:52.949  INFO 17552 --- [main] o.s.c.support.DefaultLifecycleProcessor  : Starting beans in phase 2147483647
2019-04-25 14:09:52.958  INFO 17552 --- [main] c.z.p.m.service.MerchantsServTest        : Started MerchantsServTest in 3.137 seconds (JVM running for 3.803)
2019-04-25 14:09:53.011  INFO 17552 --- [main] o.h.h.i.QueryTranslatorFactoryInitiator  : HHH000397: Using ASTQueryTranslatorFactory
2019-04-25 14:09:53.245  INFO 17552 --- [Thread-3] s.c.a.AnnotationConfigApplicationContext : Closing org.springframework.context.annotation.AnnotationConfigApplicationContext@bd273d: startup date [Thu Apr 25 14:09:50 CST 2019]; root of context hierarchy
2019-04-25 14:09:53.246  INFO 17552 --- [Thread-3] o.s.c.support.DefaultLifecycleProcessor  : Stopping beans in phase 2147483647
2019-04-25 14:09:53.247  INFO 17552 --- [Thread-3] o.s.c.support.DefaultLifecycleProcessor  : Stopping beans in phase 0
2019-04-25 14:09:53.247  INFO 17552 --- [Thread-3] j.LocalContainerEntityManagerFactoryBean : Closing JPA EntityManagerFactory for persistence unit 'default'
2019-04-25 14:10:41.640  INFO 19128 --- [main] c.z.p.m.service.MerchantsServTest        : Starting MerchantsServTest on DESKTOP-G6JLBLL with PID 19128 (started by zhangyu in C:\Users\zhangyu\Desktop\merchants)
2019-04-25 14:10:41.641  INFO 19128 --- [main] c.z.p.m.service.MerchantsServTest        : No active profile set, falling back to default profiles: default
2019-04-25 14:10:41.661  INFO 19128 --- [main] s.c.a.AnnotationConfigApplicationContext : Refreshing org.springframework.context.annotation.AnnotationConfigApplicationContext@1dbe764: startup date [Thu Apr 25 14:10:41 CST 2019]; root of context hierarchy
2019-04-25 14:10:42.479  INFO 19128 --- [main] trationDelegate$BeanPostProcessorChecker : Bean 'org.springframework.kafka.annotation.KafkaBootstrapConfiguration' of type [org.springframework.kafka.annotation.KafkaBootstrapConfiguration$$EnhancerBySpringCGLIB$$5df60318] is not eligible for getting processed by all BeanPostProcessors (for example: not eligible for auto-proxying)
2019-04-25 14:10:42.971  INFO 19128 --- [main] j.LocalContainerEntityManagerFactoryBean : Building JPA container EntityManagerFactory for persistence unit 'default'
2019-04-25 14:10:42.989  INFO 19128 --- [main] o.hibernate.jpa.internal.util.LogHelper  : HHH000204: Processing PersistenceUnitInfo [
	name: default
	...]
2019-04-25 14:10:43.079  INFO 19128 --- [main] org.hibernate.Version                    : HHH000412: Hibernate Core {5.0.12.Final}
2019-04-25 14:10:43.080  INFO 19128 --- [main] org.hibernate.cfg.Environment            : HHH000206: hibernate.properties not found
2019-04-25 14:10:43.082  INFO 19128 --- [main] org.hibernate.cfg.Environment            : HHH000021: Bytecode provider name : javassist
2019-04-25 14:10:43.118  INFO 19128 --- [main] o.hibernate.annotations.common.Version   : HCANN000001: Hibernate Commons Annotations {5.0.1.Final}
2019-04-25 14:10:43.212  INFO 19128 --- [main] org.hibernate.dialect.Dialect            : HHH000400: Using dialect: org.hibernate.dialect.MySQL5Dialect
2019-04-25 14:10:43.784  INFO 19128 --- [main] j.LocalContainerEntityManagerFactoryBean : Initialized JPA EntityManagerFactory for persistence unit 'default'
2019-04-25 14:10:44.305  INFO 19128 --- [main] o.s.c.support.DefaultLifecycleProcessor  : Starting beans in phase 2147483647
2019-04-25 14:10:44.311  INFO 19128 --- [main] c.z.p.m.service.MerchantsServTest        : Started MerchantsServTest in 3.007 seconds (JVM running for 3.604)
2019-04-25 14:10:44.361  INFO 19128 --- [main] o.h.h.i.QueryTranslatorFactoryInitiator  : HHH000397: Using ASTQueryTranslatorFactory
2019-04-25 14:10:44.564  INFO 19128 --- [Thread-3] s.c.a.AnnotationConfigApplicationContext : Closing org.springframework.context.annotation.AnnotationConfigApplicationContext@1dbe764: startup date [Thu Apr 25 14:10:41 CST 2019]; root of context hierarchy
2019-04-25 14:10:44.566  INFO 19128 --- [Thread-3] o.s.c.support.DefaultLifecycleProcessor  : Stopping beans in phase 2147483647
2019-04-25 14:10:44.566  INFO 19128 --- [Thread-3] o.s.c.support.DefaultLifecycleProcessor  : Stopping beans in phase 0
2019-04-25 14:10:44.567  INFO 19128 --- [Thread-3] j.LocalContainerEntityManagerFactoryBean : Closing JPA EntityManagerFactory for persistence unit 'default'
2019-04-25 15:46:10.921  INFO 3148 --- [main] c.z.p.m.service.MerchantsServTest        : Starting MerchantsServTest on DESKTOP-G6JLBLL with PID 3148 (started by zhangyu in C:\Users\zhangyu\Desktop\merchants)
2019-04-25 15:46:10.922  INFO 3148 --- [main] c.z.p.m.service.MerchantsServTest        : No active profile set, falling back to default profiles: default
2019-04-25 15:46:10.942  INFO 3148 --- [main] s.c.a.AnnotationConfigApplicationContext : Refreshing org.springframework.context.annotation.AnnotationConfigApplicationContext@1c668e3: startup date [Thu Apr 25 15:46:10 CST 2019]; root of context hierarchy
2019-04-25 15:46:11.759  INFO 3148 --- [main] trationDelegate$BeanPostProcessorChecker : Bean 'org.springframework.kafka.annotation.KafkaBootstrapConfiguration' of type [org.springframework.kafka.annotation.KafkaBootstrapConfiguration$$EnhancerBySpringCGLIB$$61b4c0b8] is not eligible for getting processed by all BeanPostProcessors (for example: not eligible for auto-proxying)
2019-04-25 15:46:12.242  INFO 3148 --- [main] j.LocalContainerEntityManagerFactoryBean : Building JPA container EntityManagerFactory for persistence unit 'default'
2019-04-25 15:46:12.257  INFO 3148 --- [main] o.hibernate.jpa.internal.util.LogHelper  : HHH000204: Processing PersistenceUnitInfo [
	name: default
	...]
2019-04-25 15:46:12.317  INFO 3148 --- [main] org.hibernate.Version                    : HHH000412: Hibernate Core {5.0.12.Final}
2019-04-25 15:46:12.320  INFO 3148 --- [main] org.hibernate.cfg.Environment            : HHH000206: hibernate.properties not found
2019-04-25 15:46:12.322  INFO 3148 --- [main] org.hibernate.cfg.Environment            : HHH000021: Bytecode provider name : javassist
2019-04-25 15:46:12.354  INFO 3148 --- [main] o.hibernate.annotations.common.Version   : HCANN000001: Hibernate Commons Annotations {5.0.1.Final}
2019-04-25 15:46:12.446  INFO 3148 --- [main] org.hibernate.dialect.Dialect            : HHH000400: Using dialect: org.hibernate.dialect.MySQL5Dialect
2019-04-25 15:46:13.023  INFO 3148 --- [main] j.LocalContainerEntityManagerFactoryBean : Initialized JPA EntityManagerFactory for persistence unit 'default'
2019-04-25 15:46:13.574  INFO 3148 --- [main] o.s.c.support.DefaultLifecycleProcessor  : Starting beans in phase 2147483647
2019-04-25 15:46:13.581  INFO 3148 --- [main] c.z.p.m.service.MerchantsServTest        : Started MerchantsServTest in 2.981 seconds (JVM running for 3.56)
2019-04-25 15:46:13.632  INFO 3148 --- [main] o.h.h.i.QueryTranslatorFactoryInitiator  : HHH000397: Using ASTQueryTranslatorFactory
2019-04-25 15:46:13.831  INFO 3148 --- [main] o.a.k.clients.producer.ProducerConfig    : ProducerConfig values: 
	metric.reporters = []
	metadata.max.age.ms = 300000
	reconnect.backoff.ms = 50
	sasl.kerberos.ticket.renew.window.factor = 0.8
	bootstrap.servers = [localhost:9092]
	ssl.keystore.type = JKS
	sasl.mechanism = GSSAPI
	max.block.ms = 60000
	interceptor.classes = null
	ssl.truststore.password = null
	client.id = 
	ssl.endpoint.identification.algorithm = null
	request.timeout.ms = 30000
	acks = 1
	receive.buffer.bytes = 32768
	ssl.truststore.type = JKS
	retries = 0
	ssl.truststore.location = null
	ssl.keystore.password = null
	send.buffer.bytes = 131072
	compression.type = none
	metadata.fetch.timeout.ms = 60000
	retry.backoff.ms = 100
	sasl.kerberos.kinit.cmd = /usr/bin/kinit
	buffer.memory = 33554432
	timeout.ms = 30000
	key.serializer = class org.apache.kafka.common.serialization.StringSerializer
	sasl.kerberos.service.name = null
	sasl.kerberos.ticket.renew.jitter = 0.05
	ssl.trustmanager.algorithm = PKIX
	block.on.buffer.full = false
	ssl.key.password = null
	sasl.kerberos.min.time.before.relogin = 60000
	connections.max.idle.ms = 540000
	max.in.flight.requests.per.connection = 5
	metrics.num.samples = 2
	ssl.protocol = TLS
	ssl.provider = null
	ssl.enabled.protocols = [TLSv1.2, TLSv1.1, TLSv1]
	batch.size = 16384
	ssl.keystore.location = null
	ssl.cipher.suites = null
	security.protocol = PLAINTEXT
	max.request.size = 1048576
	value.serializer = class org.apache.kafka.common.serialization.StringSerializer
	ssl.keymanager.algorithm = SunX509
	metrics.sample.window.ms = 30000
	partitioner.class = class org.apache.kafka.clients.producer.internals.DefaultPartitioner
	linger.ms = 0

2019-04-25 15:46:13.864  INFO 3148 --- [main] o.a.k.clients.producer.ProducerConfig    : ProducerConfig values: 
	metric.reporters = []
	metadata.max.age.ms = 300000
	reconnect.backoff.ms = 50
	sasl.kerberos.ticket.renew.window.factor = 0.8
	bootstrap.servers = [localhost:9092]
	ssl.keystore.type = JKS
	sasl.mechanism = GSSAPI
	max.block.ms = 60000
	interceptor.classes = null
	ssl.truststore.password = null
	client.id = producer-1
	ssl.endpoint.identification.algorithm = null
	request.timeout.ms = 30000
	acks = 1
	receive.buffer.bytes = 32768
	ssl.truststore.type = JKS
	retries = 0
	ssl.truststore.location = null
	ssl.keystore.password = null
	send.buffer.bytes = 131072
	compression.type = none
	metadata.fetch.timeout.ms = 60000
	retry.backoff.ms = 100
	sasl.kerberos.kinit.cmd = /usr/bin/kinit
	buffer.memory = 33554432
	timeout.ms = 30000
	key.serializer = class org.apache.kafka.common.serialization.StringSerializer
	sasl.kerberos.service.name = null
	sasl.kerberos.ticket.renew.jitter = 0.05
	ssl.trustmanager.algorithm = PKIX
	block.on.buffer.full = false
	ssl.key.password = null
	sasl.kerberos.min.time.before.relogin = 60000
	connections.max.idle.ms = 540000
	max.in.flight.requests.per.connection = 5
	metrics.num.samples = 2
	ssl.protocol = TLS
	ssl.provider = null
	ssl.enabled.protocols = [TLSv1.2, TLSv1.1, TLSv1]
	batch.size = 16384
	ssl.keystore.location = null
	ssl.cipher.suites = null
	security.protocol = PLAINTEXT
	max.request.size = 1048576
	value.serializer = class org.apache.kafka.common.serialization.StringSerializer
	ssl.keymanager.algorithm = SunX509
	metrics.sample.window.ms = 30000
	partitioner.class = class org.apache.kafka.clients.producer.internals.DefaultPartitioner
	linger.ms = 0

2019-04-25 15:46:13.866  INFO 3148 --- [main] o.a.kafka.common.utils.AppInfoParser     : Kafka version : 0.10.0.1
2019-04-25 15:46:13.866  INFO 3148 --- [main] o.a.kafka.common.utils.AppInfoParser     : Kafka commitId : a7a17cdec9eaa6c5
2019-04-25 15:46:14.036  WARN 3148 --- [kafka-producer-network-thread | producer-1] org.apache.kafka.clients.NetworkClient   : Error while fetching metadata with correlation id 0 : {merchants-temp=LEADER_NOT_AVAILABLE}
2019-04-25 15:46:14.136  WARN 3148 --- [kafka-producer-network-thread | producer-1] org.apache.kafka.clients.NetworkClient   : Error while fetching metadata with correlation id 1 : {merchants-temp=LEADER_NOT_AVAILABLE}
2019-04-25 15:46:14.247  INFO 3148 --- [main] c.z.p.m.service.impl.MerchantsServImpl   : DropPassTemplates:{"background":2,"desc":"详情:zhangyu","end":1557042373611,"hasToken":false,"id":3,"limit":100000,"start":1556178373611,"summary":"简介:zhangyu","title":"title:章玉"}
2019-04-25 15:46:14.251  INFO 3148 --- [Thread-3] s.c.a.AnnotationConfigApplicationContext : Closing org.springframework.context.annotation.AnnotationConfigApplicationContext@1c668e3: startup date [Thu Apr 25 15:46:10 CST 2019]; root of context hierarchy
2019-04-25 15:46:14.252  INFO 3148 --- [Thread-3] o.s.c.support.DefaultLifecycleProcessor  : Stopping beans in phase 2147483647
2019-04-25 15:46:14.253  INFO 3148 --- [Thread-3] o.s.c.support.DefaultLifecycleProcessor  : Stopping beans in phase 0
2019-04-25 15:46:14.253  INFO 3148 --- [Thread-3] o.a.k.clients.producer.KafkaProducer     : Closing the Kafka producer with timeoutMillis = 9223372036854775807 ms.
2019-04-25 15:46:14.297  INFO 3148 --- [Thread-3] j.LocalContainerEntityManagerFactoryBean : Closing JPA EntityManagerFactory for persistence unit 'default'
2019-04-25 15:52:51.082  INFO 12964 --- [main] c.z.p.m.service.MerchantsServTest        : Starting MerchantsServTest on DESKTOP-G6JLBLL with PID 12964 (started by zhangyu in C:\Users\zhangyu\Desktop\merchants)
2019-04-25 15:52:51.082  INFO 12964 --- [main] c.z.p.m.service.MerchantsServTest        : No active profile set, falling back to default profiles: default
2019-04-25 15:52:51.100  INFO 12964 --- [main] s.c.a.AnnotationConfigApplicationContext : Refreshing org.springframework.context.annotation.AnnotationConfigApplicationContext@1c668e3: startup date [Thu Apr 25 15:52:51 CST 2019]; root of context hierarchy
2019-04-25 15:52:51.928  INFO 12964 --- [main] trationDelegate$BeanPostProcessorChecker : Bean 'org.springframework.kafka.annotation.KafkaBootstrapConfiguration' of type [org.springframework.kafka.annotation.KafkaBootstrapConfiguration$$EnhancerBySpringCGLIB$$6aa50068] is not eligible for getting processed by all BeanPostProcessors (for example: not eligible for auto-proxying)
2019-04-25 15:52:52.406  INFO 12964 --- [main] j.LocalContainerEntityManagerFactoryBean : Building JPA container EntityManagerFactory for persistence unit 'default'
2019-04-25 15:52:52.424  INFO 12964 --- [main] o.hibernate.jpa.internal.util.LogHelper  : HHH000204: Processing PersistenceUnitInfo [
	name: default
	...]
2019-04-25 15:52:52.489  INFO 12964 --- [main] org.hibernate.Version                    : HHH000412: Hibernate Core {5.0.12.Final}
2019-04-25 15:52:52.490  INFO 12964 --- [main] org.hibernate.cfg.Environment            : HHH000206: hibernate.properties not found
2019-04-25 15:52:52.492  INFO 12964 --- [main] org.hibernate.cfg.Environment            : HHH000021: Bytecode provider name : javassist
2019-04-25 15:52:52.524  INFO 12964 --- [main] o.hibernate.annotations.common.Version   : HCANN000001: Hibernate Commons Annotations {5.0.1.Final}
2019-04-25 15:52:52.617  INFO 12964 --- [main] org.hibernate.dialect.Dialect            : HHH000400: Using dialect: org.hibernate.dialect.MySQL5Dialect
2019-04-25 15:52:53.198  INFO 12964 --- [main] j.LocalContainerEntityManagerFactoryBean : Initialized JPA EntityManagerFactory for persistence unit 'default'
2019-04-25 15:52:53.721  INFO 12964 --- [main] o.s.c.support.DefaultLifecycleProcessor  : Starting beans in phase 2147483647
2019-04-25 15:52:53.727  INFO 12964 --- [main] c.z.p.m.service.MerchantsServTest        : Started MerchantsServTest in 2.949 seconds (JVM running for 3.6)
2019-04-25 15:52:53.777  INFO 12964 --- [main] o.h.h.i.QueryTranslatorFactoryInitiator  : HHH000397: Using ASTQueryTranslatorFactory
2019-04-25 15:52:53.978  INFO 12964 --- [main] o.a.k.clients.producer.ProducerConfig    : ProducerConfig values: 
	metric.reporters = []
	metadata.max.age.ms = 300000
	reconnect.backoff.ms = 50
	sasl.kerberos.ticket.renew.window.factor = 0.8
	bootstrap.servers = [localhost:9092]
	ssl.keystore.type = JKS
	sasl.mechanism = GSSAPI
	max.block.ms = 60000
	interceptor.classes = null
	ssl.truststore.password = null
	client.id = 
	ssl.endpoint.identification.algorithm = null
	request.timeout.ms = 30000
	acks = 1
	receive.buffer.bytes = 32768
	ssl.truststore.type = JKS
	retries = 0
	ssl.truststore.location = null
	ssl.keystore.password = null
	send.buffer.bytes = 131072
	compression.type = none
	metadata.fetch.timeout.ms = 60000
	retry.backoff.ms = 100
	sasl.kerberos.kinit.cmd = /usr/bin/kinit
	buffer.memory = 33554432
	timeout.ms = 30000
	key.serializer = class org.apache.kafka.common.serialization.StringSerializer
	sasl.kerberos.service.name = null
	sasl.kerberos.ticket.renew.jitter = 0.05
	ssl.trustmanager.algorithm = PKIX
	block.on.buffer.full = false
	ssl.key.password = null
	sasl.kerberos.min.time.before.relogin = 60000
	connections.max.idle.ms = 540000
	max.in.flight.requests.per.connection = 5
	metrics.num.samples = 2
	ssl.protocol = TLS
	ssl.provider = null
	ssl.enabled.protocols = [TLSv1.2, TLSv1.1, TLSv1]
	batch.size = 16384
	ssl.keystore.location = null
	ssl.cipher.suites = null
	security.protocol = PLAINTEXT
	max.request.size = 1048576
	value.serializer = class org.apache.kafka.common.serialization.StringSerializer
	ssl.keymanager.algorithm = SunX509
	metrics.sample.window.ms = 30000
	partitioner.class = class org.apache.kafka.clients.producer.internals.DefaultPartitioner
	linger.ms = 0

2019-04-25 15:52:54.013  INFO 12964 --- [main] o.a.k.clients.producer.ProducerConfig    : ProducerConfig values: 
	metric.reporters = []
	metadata.max.age.ms = 300000
	reconnect.backoff.ms = 50
	sasl.kerberos.ticket.renew.window.factor = 0.8
	bootstrap.servers = [localhost:9092]
	ssl.keystore.type = JKS
	sasl.mechanism = GSSAPI
	max.block.ms = 60000
	interceptor.classes = null
	ssl.truststore.password = null
	client.id = producer-1
	ssl.endpoint.identification.algorithm = null
	request.timeout.ms = 30000
	acks = 1
	receive.buffer.bytes = 32768
	ssl.truststore.type = JKS
	retries = 0
	ssl.truststore.location = null
	ssl.keystore.password = null
	send.buffer.bytes = 131072
	compression.type = none
	metadata.fetch.timeout.ms = 60000
	retry.backoff.ms = 100
	sasl.kerberos.kinit.cmd = /usr/bin/kinit
	buffer.memory = 33554432
	timeout.ms = 30000
	key.serializer = class org.apache.kafka.common.serialization.StringSerializer
	sasl.kerberos.service.name = null
	sasl.kerberos.ticket.renew.jitter = 0.05
	ssl.trustmanager.algorithm = PKIX
	block.on.buffer.full = false
	ssl.key.password = null
	sasl.kerberos.min.time.before.relogin = 60000
	connections.max.idle.ms = 540000
	max.in.flight.requests.per.connection = 5
	metrics.num.samples = 2
	ssl.protocol = TLS
	ssl.provider = null
	ssl.enabled.protocols = [TLSv1.2, TLSv1.1, TLSv1]
	batch.size = 16384
	ssl.keystore.location = null
	ssl.cipher.suites = null
	security.protocol = PLAINTEXT
	max.request.size = 1048576
	value.serializer = class org.apache.kafka.common.serialization.StringSerializer
	ssl.keymanager.algorithm = SunX509
	metrics.sample.window.ms = 30000
	partitioner.class = class org.apache.kafka.clients.producer.internals.DefaultPartitioner
	linger.ms = 0

2019-04-25 15:52:54.015  INFO 12964 --- [main] o.a.kafka.common.utils.AppInfoParser     : Kafka version : 0.10.0.1
2019-04-25 15:52:54.015  INFO 12964 --- [main] o.a.kafka.common.utils.AppInfoParser     : Kafka commitId : a7a17cdec9eaa6c5
2019-04-25 15:52:54.139  INFO 12964 --- [main] c.z.p.m.service.impl.MerchantsServImpl   : DropPassTemplates:{"background":2,"desc":"详情:zhangyu","end":1557042773760,"hasToken":false,"id":3,"limit":100000,"start":1556178773760,"summary":"简介:zhangyu","title":"title:章玉"}
2019-04-25 15:52:54.145  INFO 12964 --- [Thread-3] s.c.a.AnnotationConfigApplicationContext : Closing org.springframework.context.annotation.AnnotationConfigApplicationContext@1c668e3: startup date [Thu Apr 25 15:52:51 CST 2019]; root of context hierarchy
2019-04-25 15:52:54.146  INFO 12964 --- [Thread-3] o.s.c.support.DefaultLifecycleProcessor  : Stopping beans in phase 2147483647
2019-04-25 15:52:54.146  INFO 12964 --- [Thread-3] o.s.c.support.DefaultLifecycleProcessor  : Stopping beans in phase 0
2019-04-25 15:52:54.147  INFO 12964 --- [Thread-3] o.a.k.clients.producer.KafkaProducer     : Closing the Kafka producer with timeoutMillis = 9223372036854775807 ms.
2019-04-25 15:52:54.150  INFO 12964 --- [Thread-3] j.LocalContainerEntityManagerFactoryBean : Closing JPA EntityManagerFactory for persistence unit 'default'
2019-04-28 15:38:23.785  INFO 2952 --- [main] c.z.p.merchants.MerchantsApplication     : Starting MerchantsApplication on DESKTOP-G6JLBLL with PID 2952 (C:\JavaCode\merchants\target\classes started by zhangyu in C:\JavaCode\merchants)
2019-04-28 15:38:23.790  INFO 2952 --- [main] c.z.p.merchants.MerchantsApplication     : No active profile set, falling back to default profiles: default
2019-04-28 15:38:23.854  INFO 2952 --- [main] ationConfigEmbeddedWebApplicationContext : Refreshing org.springframework.boot.context.embedded.AnnotationConfigEmbeddedWebApplicationContext@35047d03: startup date [Sun Apr 28 15:38:23 CST 2019]; root of context hierarchy
2019-04-28 15:38:25.240  INFO 2952 --- [main] trationDelegate$BeanPostProcessorChecker : Bean 'org.springframework.kafka.annotation.KafkaBootstrapConfiguration' of type [org.springframework.kafka.annotation.KafkaBootstrapConfiguration$$EnhancerBySpringCGLIB$$22573929] is not eligible for getting processed by all BeanPostProcessors (for example: not eligible for auto-proxying)
2019-04-28 15:38:25.812  INFO 2952 --- [main] s.b.c.e.t.TomcatEmbeddedServletContainer : Tomcat initialized with port(s): 9527 (http)
2019-04-28 15:38:25.827  INFO 2952 --- [main] o.apache.catalina.core.StandardService   : Starting service Tomcat
2019-04-28 15:38:25.828  INFO 2952 --- [main] org.apache.catalina.core.StandardEngine  : Starting Servlet Engine: Apache Tomcat/8.5.14
2019-04-28 15:38:25.941  INFO 2952 --- [localhost-startStop-1] o.a.c.c.C.[Tomcat].[localhost].[/]       : Initializing Spring embedded WebApplicationContext
2019-04-28 15:38:25.941  INFO 2952 --- [localhost-startStop-1] o.s.web.context.ContextLoader            : Root WebApplicationContext: initialization completed in 2093 ms
2019-04-28 15:38:26.059  INFO 2952 --- [localhost-startStop-1] o.s.b.w.servlet.ServletRegistrationBean  : Mapping servlet: 'dispatcherServlet' to [/]
2019-04-28 15:38:26.062  INFO 2952 --- [localhost-startStop-1] o.s.b.w.servlet.FilterRegistrationBean   : Mapping filter: 'characterEncodingFilter' to: [/*]
2019-04-28 15:38:26.063  INFO 2952 --- [localhost-startStop-1] o.s.b.w.servlet.FilterRegistrationBean   : Mapping filter: 'hiddenHttpMethodFilter' to: [/*]
2019-04-28 15:38:26.063  INFO 2952 --- [localhost-startStop-1] o.s.b.w.servlet.FilterRegistrationBean   : Mapping filter: 'httpPutFormContentFilter' to: [/*]
2019-04-28 15:38:26.063  INFO 2952 --- [localhost-startStop-1] o.s.b.w.servlet.FilterRegistrationBean   : Mapping filter: 'requestContextFilter' to: [/*]
2019-04-28 15:38:26.544  INFO 2952 --- [main] j.LocalContainerEntityManagerFactoryBean : Building JPA container EntityManagerFactory for persistence unit 'default'
2019-04-28 15:38:26.560  INFO 2952 --- [main] o.hibernate.jpa.internal.util.LogHelper  : HHH000204: Processing PersistenceUnitInfo [
	name: default
	...]
2019-04-28 15:38:26.635  INFO 2952 --- [main] org.hibernate.Version                    : HHH000412: Hibernate Core {5.0.12.Final}
2019-04-28 15:38:26.636  INFO 2952 --- [main] org.hibernate.cfg.Environment            : HHH000206: hibernate.properties not found
2019-04-28 15:38:26.637  INFO 2952 --- [main] org.hibernate.cfg.Environment            : HHH000021: Bytecode provider name : javassist
2019-04-28 15:38:26.673  INFO 2952 --- [main] o.hibernate.annotations.common.Version   : HCANN000001: Hibernate Commons Annotations {5.0.1.Final}
2019-04-28 15:38:26.855  INFO 2952 --- [main] org.hibernate.dialect.Dialect            : HHH000400: Using dialect: org.hibernate.dialect.MySQL5Dialect
2019-04-28 15:38:27.229  INFO 2952 --- [main] j.LocalContainerEntityManagerFactoryBean : Initialized JPA EntityManagerFactory for persistence unit 'default'
2019-04-28 15:38:27.884  INFO 2952 --- [main] s.w.s.m.m.a.RequestMappingHandlerAdapter : Looking for @ControllerAdvice: org.springframework.boot.context.embedded.AnnotationConfigEmbeddedWebApplicationContext@35047d03: startup date [Sun Apr 28 15:38:23 CST 2019]; root of context hierarchy
2019-04-28 15:38:27.994  INFO 2952 --- [main] s.w.s.m.m.a.RequestMappingHandlerMapping : Mapped "{[/merchants/drop],methods=[POST]}" onto public com.zhangyu.passbook.merchants.vo.Response com.zhangyu.passbook.merchants.controller.MerchantsCtl.dropPassTemplate(com.zhangyu.passbook.merchants.vo.PassTemplate)
2019-04-28 15:38:27.995  INFO 2952 --- [main] s.w.s.m.m.a.RequestMappingHandlerMapping : Mapped "{[/merchants/create],methods=[POST]}" onto public com.zhangyu.passbook.merchants.vo.Response com.zhangyu.passbook.merchants.controller.MerchantsCtl.createMerchants(com.zhangyu.passbook.merchants.vo.CreateMerchantsRequest)
2019-04-28 15:38:27.996  INFO 2952 --- [main] s.w.s.m.m.a.RequestMappingHandlerMapping : Mapped "{[/merchants/{id}],methods=[GET]}" onto public com.zhangyu.passbook.merchants.vo.Response com.zhangyu.passbook.merchants.controller.MerchantsCtl.buildMerchantsInfo(java.lang.Integer)
2019-04-28 15:38:27.998  INFO 2952 --- [main] s.w.s.m.m.a.RequestMappingHandlerMapping : Mapped "{[/error]}" onto public org.springframework.http.ResponseEntity<java.util.Map<java.lang.String, java.lang.Object>> org.springframework.boot.autoconfigure.web.BasicErrorController.error(javax.servlet.http.HttpServletRequest)
2019-04-28 15:38:27.999  INFO 2952 --- [main] s.w.s.m.m.a.RequestMappingHandlerMapping : Mapped "{[/error],produces=[text/html]}" onto public org.springframework.web.servlet.ModelAndView org.springframework.boot.autoconfigure.web.BasicErrorController.errorHtml(javax.servlet.http.HttpServletRequest,javax.servlet.http.HttpServletResponse)
2019-04-28 15:38:28.038  INFO 2952 --- [main] o.s.w.s.handler.SimpleUrlHandlerMapping  : Mapped URL path [/webjars/**] onto handler of type [class org.springframework.web.servlet.resource.ResourceHttpRequestHandler]
2019-04-28 15:38:28.038  INFO 2952 --- [main] o.s.w.s.handler.SimpleUrlHandlerMapping  : Mapped URL path [/**] onto handler of type [class org.springframework.web.servlet.resource.ResourceHttpRequestHandler]
2019-04-28 15:38:28.085  INFO 2952 --- [main] o.s.w.s.handler.SimpleUrlHandlerMapping  : Mapped URL path [/**/favicon.ico] onto handler of type [class org.springframework.web.servlet.resource.ResourceHttpRequestHandler]
2019-04-28 15:38:28.439  INFO 2952 --- [main] o.s.j.e.a.AnnotationMBeanExporter        : Registering beans for JMX exposure on startup
2019-04-28 15:38:28.447  INFO 2952 --- [main] o.s.c.support.DefaultLifecycleProcessor  : Starting beans in phase 2147483647
2019-04-28 15:38:28.518  INFO 2952 --- [main] s.b.c.e.t.TomcatEmbeddedServletContainer : Tomcat started on port(s): 9527 (http)
2019-04-28 15:38:28.525  INFO 2952 --- [main] c.z.p.merchants.MerchantsApplication     : Started MerchantsApplication in 5.206 seconds (JVM running for 5.905)
2019-04-28 15:41:17.048  INFO 2952 --- [http-nio-9527-exec-1] o.a.c.c.C.[Tomcat].[localhost].[/]       : Initializing Spring FrameworkServlet 'dispatcherServlet'
2019-04-28 15:41:17.049  INFO 2952 --- [http-nio-9527-exec-1] o.s.web.servlet.DispatcherServlet        : FrameworkServlet 'dispatcherServlet': initialization started
2019-04-28 15:41:17.072  INFO 2952 --- [http-nio-9527-exec-1] o.s.web.servlet.DispatcherServlet        : FrameworkServlet 'dispatcherServlet': initialization completed in 23 ms
2019-04-28 15:41:17.104 ERROR 2952 --- [http-nio-9527-exec-1] o.a.c.c.C.[.[.[/].[dispatcherServlet]    : Servlet.service() for servlet [dispatcherServlet] in context with path [] threw exception [Request processing failed; nested exception is java.lang.Exception: Header中缺少token!] with root cause

java.lang.Exception: Header中缺少token!
	at com.zhangyu.passbook.merchants.security.AuthCheckInterceptor.preHandle(AuthCheckInterceptor.java:26) ~[classes/:na]
	at org.springframework.web.servlet.HandlerExecutionChain.applyPreHandle(HandlerExecutionChain.java:134) ~[spring-webmvc-4.3.8.RELEASE.jar:4.3.8.RELEASE]
	at org.springframework.web.servlet.DispatcherServlet.doDispatch(DispatcherServlet.java:958) ~[spring-webmvc-4.3.8.RELEASE.jar:4.3.8.RELEASE]
	at org.springframework.web.servlet.DispatcherServlet.doService(DispatcherServlet.java:897) ~[spring-webmvc-4.3.8.RELEASE.jar:4.3.8.RELEASE]
	at org.springframework.web.servlet.FrameworkServlet.processRequest(FrameworkServlet.java:970) ~[spring-webmvc-4.3.8.RELEASE.jar:4.3.8.RELEASE]
	at org.springframework.web.servlet.FrameworkServlet.doGet(FrameworkServlet.java:861) ~[spring-webmvc-4.3.8.RELEASE.jar:4.3.8.RELEASE]
	at javax.servlet.http.HttpServlet.service(HttpServlet.java:635) ~[tomcat-embed-core-8.5.14.jar:8.5.14]
	at org.springframework.web.servlet.FrameworkServlet.service(FrameworkServlet.java:846) ~[spring-webmvc-4.3.8.RELEASE.jar:4.3.8.RELEASE]
	at javax.servlet.http.HttpServlet.service(HttpServlet.java:742) ~[tomcat-embed-core-8.5.14.jar:8.5.14]
	at org.apache.catalina.core.ApplicationFilterChain.internalDoFilter(ApplicationFilterChain.java:231) ~[tomcat-embed-core-8.5.14.jar:8.5.14]
	at org.apache.catalina.core.ApplicationFilterChain.doFilter(ApplicationFilterChain.java:166) ~[tomcat-embed-core-8.5.14.jar:8.5.14]
	at org.apache.tomcat.websocket.server.WsFilter.doFilter(WsFilter.java:52) ~[tomcat-embed-websocket-8.5.14.jar:8.5.14]
	at org.apache.catalina.core.ApplicationFilterChain.internalDoFilter(ApplicationFilterChain.java:193) ~[tomcat-embed-core-8.5.14.jar:8.5.14]
	at org.apache.catalina.core.ApplicationFilterChain.doFilter(ApplicationFilterChain.java:166) ~[tomcat-embed-core-8.5.14.jar:8.5.14]
	at org.springframework.web.filter.RequestContextFilter.doFilterInternal(RequestContextFilter.java:99) ~[spring-web-4.3.8.RELEASE.jar:4.3.8.RELEASE]
	at org.springframework.web.filter.OncePerRequestFilter.doFilter(OncePerRequestFilter.java:107) ~[spring-web-4.3.8.RELEASE.jar:4.3.8.RELEASE]
	at org.apache.catalina.core.ApplicationFilterChain.internalDoFilter(ApplicationFilterChain.java:193) ~[tomcat-embed-core-8.5.14.jar:8.5.14]
	at org.apache.catalina.core.ApplicationFilterChain.doFilter(ApplicationFilterChain.java:166) ~[tomcat-embed-core-8.5.14.jar:8.5.14]
	at org.springframework.web.filter.HttpPutFormContentFilter.doFilterInternal(HttpPutFormContentFilter.java:105) ~[spring-web-4.3.8.RELEASE.jar:4.3.8.RELEASE]
	at org.springframework.web.filter.OncePerRequestFilter.doFilter(OncePerRequestFilter.java:107) ~[spring-web-4.3.8.RELEASE.jar:4.3.8.RELEASE]
	at org.apache.catalina.core.ApplicationFilterChain.internalDoFilter(ApplicationFilterChain.java:193) ~[tomcat-embed-core-8.5.14.jar:8.5.14]
	at org.apache.catalina.core.ApplicationFilterChain.doFilter(ApplicationFilterChain.java:166) ~[tomcat-embed-core-8.5.14.jar:8.5.14]
	at org.springframework.web.filter.HiddenHttpMethodFilter.doFilterInternal(HiddenHttpMethodFilter.java:81) ~[spring-web-4.3.8.RELEASE.jar:4.3.8.RELEASE]
	at org.springframework.web.filter.OncePerRequestFilter.doFilter(OncePerRequestFilter.java:107) ~[spring-web-4.3.8.RELEASE.jar:4.3.8.RELEASE]
	at org.apache.catalina.core.ApplicationFilterChain.internalDoFilter(ApplicationFilterChain.java:193) ~[tomcat-embed-core-8.5.14.jar:8.5.14]
	at org.apache.catalina.core.ApplicationFilterChain.doFilter(ApplicationFilterChain.java:166) ~[tomcat-embed-core-8.5.14.jar:8.5.14]
	at org.springframework.web.filter.CharacterEncodingFilter.doFilterInternal(CharacterEncodingFilter.java:197) ~[spring-web-4.3.8.RELEASE.jar:4.3.8.RELEASE]
	at org.springframework.web.filter.OncePerRequestFilter.doFilter(OncePerRequestFilter.java:107) ~[spring-web-4.3.8.RELEASE.jar:4.3.8.RELEASE]
	at org.apache.catalina.core.ApplicationFilterChain.internalDoFilter(ApplicationFilterChain.java:193) ~[tomcat-embed-core-8.5.14.jar:8.5.14]
	at org.apache.catalina.core.ApplicationFilterChain.doFilter(ApplicationFilterChain.java:166) ~[tomcat-embed-core-8.5.14.jar:8.5.14]
	at org.apache.catalina.core.StandardWrapperValve.invoke(StandardWrapperValve.java:198) ~[tomcat-embed-core-8.5.14.jar:8.5.14]
	at org.apache.catalina.core.StandardContextValve.invoke(StandardContextValve.java:96) [tomcat-embed-core-8.5.14.jar:8.5.14]
	at org.apache.catalina.authenticator.AuthenticatorBase.invoke(AuthenticatorBase.java:478) [tomcat-embed-core-8.5.14.jar:8.5.14]
	at org.apache.catalina.core.StandardHostValve.invoke(StandardHostValve.java:140) [tomcat-embed-core-8.5.14.jar:8.5.14]
	at org.apache.catalina.valves.ErrorReportValve.invoke(ErrorReportValve.java:80) [tomcat-embed-core-8.5.14.jar:8.5.14]
	at org.apache.catalina.core.StandardEngineValve.invoke(StandardEngineValve.java:87) [tomcat-embed-core-8.5.14.jar:8.5.14]
	at org.apache.catalina.connector.CoyoteAdapter.service(CoyoteAdapter.java:342) [tomcat-embed-core-8.5.14.jar:8.5.14]
	at org.apache.coyote.http11.Http11Processor.service(Http11Processor.java:799) [tomcat-embed-core-8.5.14.jar:8.5.14]
	at org.apache.coyote.AbstractProcessorLight.process(AbstractProcessorLight.java:66) [tomcat-embed-core-8.5.14.jar:8.5.14]
	at org.apache.coyote.AbstractProtocol$ConnectionHandler.process(AbstractProtocol.java:861) [tomcat-embed-core-8.5.14.jar:8.5.14]
	at org.apache.tomcat.util.net.NioEndpoint$SocketProcessor.doRun(NioEndpoint.java:1455) [tomcat-embed-core-8.5.14.jar:8.5.14]
	at org.apache.tomcat.util.net.SocketProcessorBase.run(SocketProcessorBase.java:49) [tomcat-embed-core-8.5.14.jar:8.5.14]
	at java.util.concurrent.ThreadPoolExecutor.runWorker(ThreadPoolExecutor.java:1149) [na:1.8.0_211]
	at java.util.concurrent.ThreadPoolExecutor$Worker.run(ThreadPoolExecutor.java:624) [na:1.8.0_211]
	at org.apache.tomcat.util.threads.TaskThread$WrappingRunnable.run(TaskThread.java:61) [tomcat-embed-core-8.5.14.jar:8.5.14]
	at java.lang.Thread.run(Thread.java:748) [na:1.8.0_211]

2019-04-28 15:42:40.401  INFO 2952 --- [http-nio-9527-exec-2] c.z.p.merchants.controller.MerchantsCtl  : BuildMerchantsInfo:3
2019-04-28 15:42:40.427  INFO 2952 --- [http-nio-9527-exec-2] o.h.h.i.QueryTranslatorFactoryInitiator  : HHH000397: Using ASTQueryTranslatorFactory
2019-04-28 15:47:02.177  INFO 2952 --- [http-nio-9527-exec-4] c.z.p.merchants.controller.MerchantsCtl  : CreateMerchants:{"address":"杭州市","businessLicenseUrl":"www.cccccj.com","logoUrl":"www.zhangzhoifsf.com","name":"章鱼谵语","phone":"123321313"}
